2019-04-22 17:01:58.434  INFO [Product,,,] 9868 --- [main] c.hcl.cloud.product.ProductApplication   : No active profile set, falling back to default profiles: default
2019-04-22 17:02:03.436  INFO [Product,,,] 9868 --- [main] .s.d.r.c.RepositoryConfigurationDelegate : Bootstrapping Spring Data repositories in DEFAULT mode.
2019-04-22 17:02:03.704  INFO [Product,,,] 9868 --- [main] .s.d.r.c.RepositoryConfigurationDelegate : Finished Spring Data repository scanning in 242ms. Found 1 repository interfaces.
2019-04-22 17:02:04.632  INFO [Product,,,] 9868 --- [main] o.s.cloud.context.scope.GenericScope     : BeanFactory id=45586411-67eb-3421-8735-5ca5106c3c23
2019-04-22 17:02:05.536  INFO [Product,,,] 9868 --- [main] trationDelegate$BeanPostProcessorChecker : Bean 'org.springframework.transaction.annotation.ProxyTransactionManagementConfiguration' of type [org.springframework.transaction.annotation.ProxyTransactionManagementConfiguration$$EnhancerBySpringCGLIB$$8ca99567] is not eligible for getting processed by all BeanPostProcessors (for example: not eligible for auto-proxying)
2019-04-22 17:02:05.651  INFO [Product,,,] 9868 --- [main] trationDelegate$BeanPostProcessorChecker : Bean 'org.springframework.cloud.autoconfigure.ConfigurationPropertiesRebinderAutoConfiguration' of type [org.springframework.cloud.autoconfigure.ConfigurationPropertiesRebinderAutoConfiguration$$EnhancerBySpringCGLIB$$a8c39864] is not eligible for getting processed by all BeanPostProcessors (for example: not eligible for auto-proxying)
2019-04-22 17:02:06.715  INFO [Product,,,] 9868 --- [main] o.s.b.w.embedded.tomcat.TomcatWebServer  : Tomcat initialized with port(s): 443 (http)
2019-04-22 17:02:06.779  INFO [Product,,,] 9868 --- [main] o.apache.catalina.core.StandardService   : Starting service [Tomcat]
2019-04-22 17:02:06.780  INFO [Product,,,] 9868 --- [main] org.apache.catalina.core.StandardEngine  : Starting Servlet engine: [Apache Tomcat/9.0.17]
2019-04-22 17:02:07.879  INFO [Product,,,] 9868 --- [main] o.a.c.c.C.[Tomcat].[localhost].[/]       : Initializing Spring embedded WebApplicationContext
2019-04-22 17:02:07.880 DEBUG [Product,,,] 9868 --- [main] o.s.web.context.ContextLoader            : Published root WebApplicationContext as ServletContext attribute with name [org.springframework.web.context.WebApplicationContext.ROOT]
2019-04-22 17:02:07.881  INFO [Product,,,] 9868 --- [main] o.s.web.context.ContextLoader            : Root WebApplicationContext: initialization completed in 9263 ms
2019-04-22 17:02:09.801  INFO [Product,,,] 9868 --- [main] com.zaxxer.hikari.HikariDataSource       : HikariPool-1 - Starting...
2019-04-22 17:02:10.779  INFO [Product,,,] 9868 --- [main] com.zaxxer.hikari.HikariDataSource       : HikariPool-1 - Start completed.
2019-04-22 17:02:11.135  INFO [Product,,,] 9868 --- [main] o.hibernate.jpa.internal.util.LogHelper  : HHH000204: Processing PersistenceUnitInfo [
	name: default
	...]
2019-04-22 17:02:11.436  INFO [Product,,,] 9868 --- [main] org.hibernate.Version                    : HHH000412: Hibernate Core {5.3.9.Final}
2019-04-22 17:02:11.440  INFO [Product,,,] 9868 --- [main] org.hibernate.cfg.Environment            : HHH000206: hibernate.properties not found
2019-04-22 17:02:11.892  INFO [Product,,,] 9868 --- [main] o.hibernate.annotations.common.Version   : HCANN000001: Hibernate Commons Annotations {5.0.4.Final}
2019-04-22 17:02:12.387  INFO [Product,,,] 9868 --- [main] org.hibernate.dialect.Dialect            : HHH000400: Using dialect: org.hibernate.dialect.MySQL5InnoDBDialect
2019-04-22 17:02:14.059  INFO [Product,,,] 9868 --- [main] j.LocalContainerEntityManagerFactoryBean : Initialized JPA EntityManagerFactory for persistence unit 'default'
2019-04-22 17:02:15.520  WARN [Product,,,] 9868 --- [main] c.n.c.sources.URLConfigurationSource     : No URLs will be polled as dynamic configuration sources.
2019-04-22 17:02:15.523  INFO [Product,,,] 9868 --- [main] c.n.c.sources.URLConfigurationSource     : To enable URLs as dynamic configuration sources, define System property archaius.configurationSource.additionalUrls or make config.properties available on classpath.
2019-04-22 17:02:16.544  WARN [Product,,,] 9868 --- [main] aWebConfiguration$JpaWebMvcConfiguration : spring.jpa.open-in-view is enabled by default. Therefore, database queries may be performed during view rendering. Explicitly configure spring.jpa.open-in-view to disable this warning
2019-04-22 17:02:16.707 DEBUG [Product,,,] 9868 --- [main] s.w.s.m.m.a.RequestMappingHandlerMapping : 10 mappings in 'requestMappingHandlerMapping'
2019-04-22 17:02:17.039  INFO [Product,,,] 9868 --- [main] pertySourcedRequestMappingHandlerMapping : Mapped URL path [/v2/api-docs] onto method [public org.springframework.http.ResponseEntity<springfox.documentation.spring.web.json.Json> springfox.documentation.swagger2.web.Swagger2Controller.getDocumentation(java.lang.String,javax.servlet.http.HttpServletRequest)]
2019-04-22 17:02:17.146  WARN [Product,,,] 9868 --- [main] c.n.c.sources.URLConfigurationSource     : No URLs will be polled as dynamic configuration sources.
2019-04-22 17:02:17.147  INFO [Product,,,] 9868 --- [main] c.n.c.sources.URLConfigurationSource     : To enable URLs as dynamic configuration sources, define System property archaius.configurationSource.additionalUrls or make config.properties available on classpath.
2019-04-22 17:02:17.375 DEBUG [Product,,,] 9868 --- [main] o.s.w.s.handler.SimpleUrlHandlerMapping  : Patterns [/**/favicon.ico] in 'faviconHandlerMapping'
2019-04-22 17:02:17.774  INFO [Product,,,] 9868 --- [main] o.s.s.concurrent.ThreadPoolTaskExecutor  : Initializing ExecutorService 'applicationTaskExecutor'
2019-04-22 17:02:17.890 DEBUG [Product,,,] 9868 --- [main] s.w.s.m.m.a.RequestMappingHandlerAdapter : ControllerAdvice beans: 0 @ModelAttribute, 0 @InitBinder, 1 RequestBodyAdvice, 1 ResponseBodyAdvice
2019-04-22 17:02:18.075 DEBUG [Product,,,] 9868 --- [main] o.s.w.s.handler.SimpleUrlHandlerMapping  : Patterns [/webjars/**, /**] in 'resourceHandlerMapping'
2019-04-22 17:02:18.112 DEBUG [Product,,,] 9868 --- [main] .m.m.a.ExceptionHandlerExceptionResolver : ControllerAdvice beans: 1 @ExceptionHandler, 1 ResponseBodyAdvice
2019-04-22 17:02:20.771  INFO [Product,,,] 9868 --- [main] d.s.w.p.DocumentationPluginsBootstrapper : Context refreshed
2019-04-22 17:02:20.852  INFO [Product,,,] 9868 --- [main] d.s.w.p.DocumentationPluginsBootstrapper : Found 1 custom documentation plugin(s)
2019-04-22 17:02:20.960  INFO [Product,,,] 9868 --- [main] s.d.s.w.s.ApiListingReferenceScanner     : Scanning for api listing references
2019-04-22 17:02:21.665  INFO [Product,,,] 9868 --- [main] o.s.b.w.embedded.tomcat.TomcatWebServer  : Tomcat started on port(s): 443 (http) with context path ''
2019-04-22 17:02:21.672  INFO [Product,,,] 9868 --- [main] c.hcl.cloud.product.ProductApplication   : Started ProductApplication in 27.784 seconds (JVM running for 30.171)
2019-04-22 17:03:33.750  INFO [Product,,,] 9868 --- [http-nio-443-exec-1] o.a.c.c.C.[Tomcat].[localhost].[/]       : Initializing Spring DispatcherServlet 'dispatcherServlet'
2019-04-22 17:03:33.752  INFO [Product,,,] 9868 --- [http-nio-443-exec-1] o.s.web.servlet.DispatcherServlet        : Initializing Servlet 'dispatcherServlet'
2019-04-22 17:03:33.752 DEBUG [Product,,,] 9868 --- [http-nio-443-exec-1] o.s.web.servlet.DispatcherServlet        : Detected StandardServletMultipartResolver
2019-04-22 17:03:33.811 DEBUG [Product,,,] 9868 --- [http-nio-443-exec-1] o.s.web.servlet.DispatcherServlet        : enableLoggingRequestDetails='false': request parameters and headers will be masked to prevent unsafe logging of potentially sensitive data
2019-04-22 17:03:33.812  INFO [Product,,,] 9868 --- [http-nio-443-exec-1] o.s.web.servlet.DispatcherServlet        : Completed initialization in 60 ms
2019-04-22 17:03:33.860 DEBUG [Product,5cbda68d64fd428706a8eb173de6e7b4,06a8eb173de6e7b4,false] 9868 --- [http-nio-443-exec-1] o.s.web.servlet.DispatcherServlet        : POST "/product/", parameters={}
2019-04-22 17:03:33.892 DEBUG [Product,5cbda68d64fd428706a8eb173de6e7b4,06a8eb173de6e7b4,false] 9868 --- [http-nio-443-exec-1] s.w.s.m.m.a.RequestMappingHandlerMapping : Mapped to public org.springframework.http.ResponseEntity<com.hcl.cloud.product.response.CreateproductRes> com.hcl.cloud.product.controller.ProductController.createProduct(java.lang.String,com.hcl.cloud.product.request.CreateproductReq) throws com.hcl.cloud.product.exception.ProductException
2019-04-22 17:03:34.058 DEBUG [Product,5cbda68d64fd428706a8eb173de6e7b4,06a8eb173de6e7b4,false] 9868 --- [http-nio-443-exec-1] m.m.a.RequestResponseBodyMethodProcessor : Read "application/json;charset=UTF-8" to [com.hcl.cloud.product.request.CreateproductReq@3b9c9ddf]
2019-04-22 17:03:34.151  INFO [Product,5cbda68d64fd428706a8eb173de6e7b4,06a8eb173de6e7b4,false] 9868 --- [http-nio-443-exec-1] c.h.c.p.controller.ProductController     : createProduct call start
2019-04-22 17:03:34.629  INFO [Product,5cbda68d64fd428706a8eb173de6e7b4,9446fbc2cca24167,false] 9868 --- [hystrix-PRODUCTThreadPool-1] c.h.c.p.controller.ProductController     : Product detail insetion DB call Start
2019-04-22 17:03:35.100  INFO [Product,5cbda68d64fd428706a8eb173de6e7b4,9446fbc2cca24167,false] 9868 --- [hystrix-PRODUCTThreadPool-1] c.h.c.p.controller.ProductController     : Product created successfully
2019-04-22 17:03:35.101  INFO [Product,5cbda68d64fd428706a8eb173de6e7b4,9446fbc2cca24167,false] 9868 --- [hystrix-PRODUCTThreadPool-1] c.h.c.p.controller.ProductController     : Product detail insetion DB call End
2019-04-22 17:03:35.172  INFO [Product,5cbda68d64fd428706a8eb173de6e7b4,06a8eb173de6e7b4,false] 9868 --- [http-nio-443-exec-1] .h.c.p.d.CreateProductResponseTranslator : Response translation from backend to frontend start
2019-04-22 17:03:35.174  INFO [Product,5cbda68d64fd428706a8eb173de6e7b4,06a8eb173de6e7b4,false] 9868 --- [http-nio-443-exec-1] .h.c.p.d.CreateProductResponseTranslator : Response translation from backend to frontend end
2019-04-22 17:03:35.174  INFO [Product,5cbda68d64fd428706a8eb173de6e7b4,06a8eb173de6e7b4,false] 9868 --- [http-nio-443-exec-1] c.h.c.p.controller.ProductController     : createProduct call end
2019-04-22 17:03:35.180 DEBUG [Product,5cbda68d64fd428706a8eb173de6e7b4,06a8eb173de6e7b4,false] 9868 --- [http-nio-443-exec-1] o.s.w.s.m.m.a.HttpEntityMethodProcessor  : Using 'application/json', given [*/*] and supported [application/json]
2019-04-22 17:03:35.229 DEBUG [Product,5cbda68d64fd428706a8eb173de6e7b4,06a8eb173de6e7b4,false] 9868 --- [http-nio-443-exec-1] o.s.w.s.m.m.a.HttpEntityMethodProcessor  : Writing [com.hcl.cloud.product.response.CreateproductRes@1902ae04]
2019-04-22 17:03:35.262 DEBUG [Product,5cbda68d64fd428706a8eb173de6e7b4,06a8eb173de6e7b4,false] 9868 --- [http-nio-443-exec-1] o.s.web.servlet.DispatcherServlet        : Completed 200 OK
2019-04-22 17:03:38.533 DEBUG [Product,5cbda692b77db0f6c59b567a4dabe3fc,c59b567a4dabe3fc,false] 9868 --- [http-nio-443-exec-3] o.s.web.servlet.DispatcherServlet        : POST "/product/", parameters={}
2019-04-22 17:03:38.534 DEBUG [Product,5cbda692b77db0f6c59b567a4dabe3fc,c59b567a4dabe3fc,false] 9868 --- [http-nio-443-exec-3] s.w.s.m.m.a.RequestMappingHandlerMapping : Mapped to public org.springframework.http.ResponseEntity<com.hcl.cloud.product.response.CreateproductRes> com.hcl.cloud.product.controller.ProductController.createProduct(java.lang.String,com.hcl.cloud.product.request.CreateproductReq) throws com.hcl.cloud.product.exception.ProductException
2019-04-22 17:03:38.537 DEBUG [Product,5cbda692b77db0f6c59b567a4dabe3fc,c59b567a4dabe3fc,false] 9868 --- [http-nio-443-exec-3] m.m.a.RequestResponseBodyMethodProcessor : Read "application/json;charset=UTF-8" to [com.hcl.cloud.product.request.CreateproductReq@1b6c1107]
2019-04-22 17:03:38.537  INFO [Product,5cbda692b77db0f6c59b567a4dabe3fc,c59b567a4dabe3fc,false] 9868 --- [http-nio-443-exec-3] c.h.c.p.controller.ProductController     : createProduct call start
2019-04-22 17:03:38.548  INFO [Product,5cbda692b77db0f6c59b567a4dabe3fc,97edc04dbdc415b7,false] 9868 --- [hystrix-PRODUCTThreadPool-2] c.h.c.p.controller.ProductController     : Product detail insetion DB call Start
2019-04-22 17:03:38.574  INFO [Product,5cbda692b77db0f6c59b567a4dabe3fc,97edc04dbdc415b7,false] 9868 --- [hystrix-PRODUCTThreadPool-2] c.h.c.p.controller.ProductController     : Product created successfully
2019-04-22 17:03:38.574  INFO [Product,5cbda692b77db0f6c59b567a4dabe3fc,97edc04dbdc415b7,false] 9868 --- [hystrix-PRODUCTThreadPool-2] c.h.c.p.controller.ProductController     : Product detail insetion DB call End
2019-04-22 17:03:38.575  INFO [Product,5cbda692b77db0f6c59b567a4dabe3fc,c59b567a4dabe3fc,false] 9868 --- [http-nio-443-exec-3] .h.c.p.d.CreateProductResponseTranslator : Response translation from backend to frontend start
2019-04-22 17:03:38.577  INFO [Product,5cbda692b77db0f6c59b567a4dabe3fc,c59b567a4dabe3fc,false] 9868 --- [http-nio-443-exec-3] .h.c.p.d.CreateProductResponseTranslator : Response translation from backend to frontend end
2019-04-22 17:03:38.577  INFO [Product,5cbda692b77db0f6c59b567a4dabe3fc,c59b567a4dabe3fc,false] 9868 --- [http-nio-443-exec-3] c.h.c.p.controller.ProductController     : createProduct call end
2019-04-22 17:03:38.578 DEBUG [Product,5cbda692b77db0f6c59b567a4dabe3fc,c59b567a4dabe3fc,false] 9868 --- [http-nio-443-exec-3] o.s.w.s.m.m.a.HttpEntityMethodProcessor  : Using 'application/json', given [*/*] and supported [application/json]
2019-04-22 17:03:38.578 DEBUG [Product,5cbda692b77db0f6c59b567a4dabe3fc,c59b567a4dabe3fc,false] 9868 --- [http-nio-443-exec-3] o.s.w.s.m.m.a.HttpEntityMethodProcessor  : Writing [com.hcl.cloud.product.response.CreateproductRes@3e417341]
2019-04-22 17:03:38.580 DEBUG [Product,5cbda692b77db0f6c59b567a4dabe3fc,c59b567a4dabe3fc,false] 9868 --- [http-nio-443-exec-3] o.s.web.servlet.DispatcherServlet        : Completed 200 OK
2019-04-22 17:03:52.295 DEBUG [Product,5cbda6a0741b9b56e6838cafcaee2695,e6838cafcaee2695,false] 9868 --- [http-nio-443-exec-2] o.s.web.servlet.DispatcherServlet        : GET "/product/", parameters={}
2019-04-22 17:03:52.297 DEBUG [Product,5cbda6a0741b9b56e6838cafcaee2695,e6838cafcaee2695,false] 9868 --- [http-nio-443-exec-2] s.w.s.m.m.a.RequestMappingHandlerMapping : Mapped to public org.springframework.http.ResponseEntity<com.hcl.cloud.product.response.ViewproductRes> com.hcl.cloud.product.controller.ProductController.viewProducts(java.lang.String) throws com.hcl.cloud.product.exception.ProductException
2019-04-22 17:03:52.298  INFO [Product,5cbda6a0741b9b56e6838cafcaee2695,e6838cafcaee2695,false] 9868 --- [http-nio-443-exec-2] c.h.c.p.controller.ProductController     : viewProducts call start
2019-04-22 17:03:52.309  INFO [Product,5cbda6a0741b9b56e6838cafcaee2695,e6838cafcaee2695,false] 9868 --- [http-nio-443-exec-2] c.h.c.p.controller.ProductController     : View Products DB call start
2019-04-22 17:03:52.486  INFO [Product,5cbda6a0741b9b56e6838cafcaee2695,e6838cafcaee2695,false] 9868 --- [http-nio-443-exec-2] o.h.h.i.QueryTranslatorFactoryInitiator  : HHH000397: Using ASTQueryTranslatorFactory
2019-04-22 17:03:52.827  INFO [Product,5cbda6a0741b9b56e6838cafcaee2695,e6838cafcaee2695,false] 9868 --- [http-nio-443-exec-2] c.h.c.p.controller.ProductController     : View Products DB call end
2019-04-22 17:03:52.827  INFO [Product,5cbda6a0741b9b56e6838cafcaee2695,e6838cafcaee2695,false] 9868 --- [http-nio-443-exec-2] c.h.c.p.d.ViewProductsResponseTranslator : Response translation from backend to frontend start
2019-04-22 17:03:52.827  INFO [Product,5cbda6a0741b9b56e6838cafcaee2695,e6838cafcaee2695,false] 9868 --- [http-nio-443-exec-2] c.h.c.p.d.ViewProductsResponseTranslator : Response translation from backend to frontend end
2019-04-22 17:03:52.827  INFO [Product,5cbda6a0741b9b56e6838cafcaee2695,e6838cafcaee2695,false] 9868 --- [http-nio-443-exec-2] c.h.c.p.controller.ProductController     : viewProducts call end
2019-04-22 17:03:52.828 DEBUG [Product,5cbda6a0741b9b56e6838cafcaee2695,e6838cafcaee2695,false] 9868 --- [http-nio-443-exec-2] o.s.w.s.m.m.a.HttpEntityMethodProcessor  : Using 'application/json', given [*/*] and supported [application/json]
2019-04-22 17:03:52.831 DEBUG [Product,5cbda6a0741b9b56e6838cafcaee2695,e6838cafcaee2695,false] 9868 --- [http-nio-443-exec-2] o.s.w.s.m.m.a.HttpEntityMethodProcessor  : Writing [com.hcl.cloud.product.response.ViewproductRes@228128aa]
2019-04-22 17:03:52.842 DEBUG [Product,5cbda6a0741b9b56e6838cafcaee2695,e6838cafcaee2695,false] 9868 --- [http-nio-443-exec-2] o.s.web.servlet.DispatcherServlet        : Completed 200 OK
2019-04-22 17:04:05.901 DEBUG [Product,5cbda6ade4937d6f859ea7bd0329eb95,859ea7bd0329eb95,false] 9868 --- [http-nio-443-exec-4] o.s.web.servlet.DispatcherServlet        : DELETE "/product/", parameters={}
2019-04-22 17:04:05.903 DEBUG [Product,5cbda6ade4937d6f859ea7bd0329eb95,859ea7bd0329eb95,false] 9868 --- [http-nio-443-exec-4] s.w.s.m.m.a.RequestMappingHandlerMapping : Mapped to public org.springframework.http.ResponseEntity<com.hcl.cloud.product.response.DeleteproductRes> com.hcl.cloud.product.controller.ProductController.deleteProduct(java.lang.String,com.hcl.cloud.product.request.DeleteproductReq) throws com.hcl.cloud.product.exception.ProductException
2019-04-22 17:04:05.906 DEBUG [Product,5cbda6ade4937d6f859ea7bd0329eb95,859ea7bd0329eb95,false] 9868 --- [http-nio-443-exec-4] m.m.a.RequestResponseBodyMethodProcessor : Read "application/json;charset=UTF-8" to [com.hcl.cloud.product.request.DeleteproductReq@22a79d80]
2019-04-22 17:04:05.910  INFO [Product,5cbda6ade4937d6f859ea7bd0329eb95,859ea7bd0329eb95,false] 9868 --- [http-nio-443-exec-4] c.h.c.p.controller.ProductController     : deleteProduct call start
2019-04-22 17:04:05.932  INFO [Product,5cbda6ade4937d6f859ea7bd0329eb95,d3db944951b60fb8,false] 9868 --- [hystrix-PRODUCTThreadPool-3] c.h.c.p.controller.ProductController     : Product detail delete DB call Start
2019-04-22 17:04:06.103  INFO [Product,5cbda6ade4937d6f859ea7bd0329eb95,d3db944951b60fb8,false] 9868 --- [hystrix-PRODUCTThreadPool-3] c.h.c.p.controller.ProductController     : Product deleted successfully
2019-04-22 17:04:06.104  INFO [Product,5cbda6ade4937d6f859ea7bd0329eb95,d3db944951b60fb8,false] 9868 --- [hystrix-PRODUCTThreadPool-3] c.h.c.p.controller.ProductController     : Product detail delete DB call End
2019-04-22 17:04:06.105  INFO [Product,5cbda6ade4937d6f859ea7bd0329eb95,859ea7bd0329eb95,false] 9868 --- [http-nio-443-exec-4] .h.c.p.d.DeleteProductResponseTranslator : Response translation from backend to frontend start
2019-04-22 17:04:06.106  INFO [Product,5cbda6ade4937d6f859ea7bd0329eb95,859ea7bd0329eb95,false] 9868 --- [http-nio-443-exec-4] .h.c.p.d.DeleteProductResponseTranslator : Response translation from backend to frontend end
2019-04-22 17:04:06.106  INFO [Product,5cbda6ade4937d6f859ea7bd0329eb95,859ea7bd0329eb95,false] 9868 --- [http-nio-443-exec-4] c.h.c.p.controller.ProductController     : deleteProduct call end
2019-04-22 17:04:06.107 DEBUG [Product,5cbda6ade4937d6f859ea7bd0329eb95,859ea7bd0329eb95,false] 9868 --- [http-nio-443-exec-4] o.s.w.s.m.m.a.HttpEntityMethodProcessor  : Using 'application/json', given [*/*] and supported [application/json]
2019-04-22 17:04:06.110 DEBUG [Product,5cbda6ade4937d6f859ea7bd0329eb95,859ea7bd0329eb95,false] 9868 --- [http-nio-443-exec-4] o.s.w.s.m.m.a.HttpEntityMethodProcessor  : Writing [com.hcl.cloud.product.response.DeleteproductRes@50024054]
2019-04-22 17:04:06.112 DEBUG [Product,5cbda6ade4937d6f859ea7bd0329eb95,859ea7bd0329eb95,false] 9868 --- [http-nio-443-exec-4] o.s.web.servlet.DispatcherServlet        : Completed 200 OK
2019-04-22 17:04:09.977 DEBUG [Product,5cbda6b1d32e4d79f40567747adb5ef0,f40567747adb5ef0,false] 9868 --- [http-nio-443-exec-5] o.s.web.servlet.DispatcherServlet        : DELETE "/product/", parameters={}
2019-04-22 17:04:09.978 DEBUG [Product,5cbda6b1d32e4d79f40567747adb5ef0,f40567747adb5ef0,false] 9868 --- [http-nio-443-exec-5] s.w.s.m.m.a.RequestMappingHandlerMapping : Mapped to public org.springframework.http.ResponseEntity<com.hcl.cloud.product.response.DeleteproductRes> com.hcl.cloud.product.controller.ProductController.deleteProduct(java.lang.String,com.hcl.cloud.product.request.DeleteproductReq) throws com.hcl.cloud.product.exception.ProductException
2019-04-22 17:04:09.980 DEBUG [Product,5cbda6b1d32e4d79f40567747adb5ef0,f40567747adb5ef0,false] 9868 --- [http-nio-443-exec-5] m.m.a.RequestResponseBodyMethodProcessor : Read "application/json;charset=UTF-8" to [com.hcl.cloud.product.request.DeleteproductReq@672a814c]
2019-04-22 17:04:09.980  INFO [Product,5cbda6b1d32e4d79f40567747adb5ef0,f40567747adb5ef0,false] 9868 --- [http-nio-443-exec-5] c.h.c.p.controller.ProductController     : deleteProduct call start
2019-04-22 17:04:09.983  INFO [Product,5cbda6b1d32e4d79f40567747adb5ef0,18e6b6b066d4f867,false] 9868 --- [hystrix-PRODUCTThreadPool-4] c.h.c.p.controller.ProductController     : Product detail delete DB call Start
2019-04-22 17:04:09.997  INFO [Product,5cbda6b1d32e4d79f40567747adb5ef0,18e6b6b066d4f867,false] 9868 --- [hystrix-PRODUCTThreadPool-4] c.h.c.p.controller.ProductController     : Product deleted successfully
2019-04-22 17:04:09.998  INFO [Product,5cbda6b1d32e4d79f40567747adb5ef0,18e6b6b066d4f867,false] 9868 --- [hystrix-PRODUCTThreadPool-4] c.h.c.p.controller.ProductController     : Product detail delete DB call End
2019-04-22 17:04:09.998  INFO [Product,5cbda6b1d32e4d79f40567747adb5ef0,f40567747adb5ef0,false] 9868 --- [http-nio-443-exec-5] .h.c.p.d.DeleteProductResponseTranslator : Response translation from backend to frontend start
2019-04-22 17:04:10.000  INFO [Product,5cbda6b1d32e4d79f40567747adb5ef0,f40567747adb5ef0,false] 9868 --- [http-nio-443-exec-5] .h.c.p.d.DeleteProductResponseTranslator : Response translation from backend to frontend end
2019-04-22 17:04:10.000  INFO [Product,5cbda6b1d32e4d79f40567747adb5ef0,f40567747adb5ef0,false] 9868 --- [http-nio-443-exec-5] c.h.c.p.controller.ProductController     : deleteProduct call end
2019-04-22 17:04:10.000 DEBUG [Product,5cbda6b1d32e4d79f40567747adb5ef0,f40567747adb5ef0,false] 9868 --- [http-nio-443-exec-5] o.s.w.s.m.m.a.HttpEntityMethodProcessor  : Using 'application/json', given [*/*] and supported [application/json]
2019-04-22 17:04:10.000 DEBUG [Product,5cbda6b1d32e4d79f40567747adb5ef0,f40567747adb5ef0,false] 9868 --- [http-nio-443-exec-5] o.s.w.s.m.m.a.HttpEntityMethodProcessor  : Writing [com.hcl.cloud.product.response.DeleteproductRes@19b2e64f]
2019-04-22 17:04:10.002 DEBUG [Product,5cbda6b1d32e4d79f40567747adb5ef0,f40567747adb5ef0,false] 9868 --- [http-nio-443-exec-5] o.s.web.servlet.DispatcherServlet        : Completed 200 OK
2019-04-22 17:04:16.065 DEBUG [Product,5cbda6b8b8c05ef6a3fbde98c73f507c,a3fbde98c73f507c,false] 9868 --- [http-nio-443-exec-6] o.s.web.servlet.DispatcherServlet        : DELETE "/product/", parameters={}
2019-04-22 17:04:16.068 DEBUG [Product,5cbda6b8b8c05ef6a3fbde98c73f507c,a3fbde98c73f507c,false] 9868 --- [http-nio-443-exec-6] s.w.s.m.m.a.RequestMappingHandlerMapping : Mapped to public org.springframework.http.ResponseEntity<com.hcl.cloud.product.response.DeleteproductRes> com.hcl.cloud.product.controller.ProductController.deleteProduct(java.lang.String,com.hcl.cloud.product.request.DeleteproductReq) throws com.hcl.cloud.product.exception.ProductException
2019-04-22 17:04:16.069 DEBUG [Product,5cbda6b8b8c05ef6a3fbde98c73f507c,a3fbde98c73f507c,false] 9868 --- [http-nio-443-exec-6] m.m.a.RequestResponseBodyMethodProcessor : Read "application/json;charset=UTF-8" to [com.hcl.cloud.product.request.DeleteproductReq@655d8aa4]
2019-04-22 17:04:16.070  INFO [Product,5cbda6b8b8c05ef6a3fbde98c73f507c,a3fbde98c73f507c,false] 9868 --- [http-nio-443-exec-6] c.h.c.p.controller.ProductController     : deleteProduct call start
2019-04-22 17:04:16.073  INFO [Product,5cbda6b8b8c05ef6a3fbde98c73f507c,0d1837cd054e9c7c,false] 9868 --- [hystrix-PRODUCTThreadPool-5] c.h.c.p.controller.ProductController     : Product detail delete DB call Start
2019-04-22 17:04:16.079  INFO [Product,5cbda6b8b8c05ef6a3fbde98c73f507c,0d1837cd054e9c7c,false] 9868 --- [hystrix-PRODUCTThreadPool-5] c.h.c.p.controller.ProductController     : Product deleted successfully
2019-04-22 17:04:16.079  INFO [Product,5cbda6b8b8c05ef6a3fbde98c73f507c,0d1837cd054e9c7c,false] 9868 --- [hystrix-PRODUCTThreadPool-5] c.h.c.p.controller.ProductController     : Product detail delete DB call End
2019-04-22 17:04:16.080  INFO [Product,5cbda6b8b8c05ef6a3fbde98c73f507c,a3fbde98c73f507c,false] 9868 --- [http-nio-443-exec-6] .h.c.p.d.DeleteProductResponseTranslator : Response translation from backend to frontend start
2019-04-22 17:04:16.081  INFO [Product,5cbda6b8b8c05ef6a3fbde98c73f507c,a3fbde98c73f507c,false] 9868 --- [http-nio-443-exec-6] .h.c.p.d.DeleteProductResponseTranslator : Response translation from backend to frontend end
2019-04-22 17:04:16.082  INFO [Product,5cbda6b8b8c05ef6a3fbde98c73f507c,a3fbde98c73f507c,false] 9868 --- [http-nio-443-exec-6] c.h.c.p.controller.ProductController     : deleteProduct call end
2019-04-22 17:04:16.082 DEBUG [Product,5cbda6b8b8c05ef6a3fbde98c73f507c,a3fbde98c73f507c,false] 9868 --- [http-nio-443-exec-6] o.s.w.s.m.m.a.HttpEntityMethodProcessor  : Using 'application/json', given [*/*] and supported [application/json]
2019-04-22 17:04:16.082 DEBUG [Product,5cbda6b8b8c05ef6a3fbde98c73f507c,a3fbde98c73f507c,false] 9868 --- [http-nio-443-exec-6] o.s.w.s.m.m.a.HttpEntityMethodProcessor  : Writing [com.hcl.cloud.product.response.DeleteproductRes@23a6c51e]
2019-04-22 17:04:16.085 DEBUG [Product,5cbda6b8b8c05ef6a3fbde98c73f507c,a3fbde98c73f507c,false] 9868 --- [http-nio-443-exec-6] o.s.web.servlet.DispatcherServlet        : Completed 200 OK
2019-04-22 17:04:22.849 DEBUG [Product,5cbda6beffafcd2a281a5ffced923825,281a5ffced923825,false] 9868 --- [http-nio-443-exec-7] o.s.web.servlet.DispatcherServlet        : GET "/product/", parameters={}
2019-04-22 17:04:22.850 DEBUG [Product,5cbda6beffafcd2a281a5ffced923825,281a5ffced923825,false] 9868 --- [http-nio-443-exec-7] s.w.s.m.m.a.RequestMappingHandlerMapping : Mapped to public org.springframework.http.ResponseEntity<com.hcl.cloud.product.response.ViewproductRes> com.hcl.cloud.product.controller.ProductController.viewProducts(java.lang.String) throws com.hcl.cloud.product.exception.ProductException
2019-04-22 17:04:22.851  INFO [Product,5cbda6beffafcd2a281a5ffced923825,281a5ffced923825,false] 9868 --- [http-nio-443-exec-7] c.h.c.p.controller.ProductController     : viewProducts call start
2019-04-22 17:04:22.851  INFO [Product,5cbda6beffafcd2a281a5ffced923825,281a5ffced923825,false] 9868 --- [http-nio-443-exec-7] c.h.c.p.controller.ProductController     : View Products DB call start
2019-04-22 17:04:22.859  INFO [Product,5cbda6beffafcd2a281a5ffced923825,281a5ffced923825,false] 9868 --- [http-nio-443-exec-7] c.h.c.p.controller.ProductController     : View Products DB call end
2019-04-22 17:04:22.860  INFO [Product,5cbda6beffafcd2a281a5ffced923825,281a5ffced923825,false] 9868 --- [http-nio-443-exec-7] c.h.c.p.d.ViewProductsResponseTranslator : Response translation from backend to frontend start
2019-04-22 17:04:22.860  INFO [Product,5cbda6beffafcd2a281a5ffced923825,281a5ffced923825,false] 9868 --- [http-nio-443-exec-7] c.h.c.p.d.ViewProductsResponseTranslator : Response translation from backend to frontend end
2019-04-22 17:04:22.860  INFO [Product,5cbda6beffafcd2a281a5ffced923825,281a5ffced923825,false] 9868 --- [http-nio-443-exec-7] c.h.c.p.controller.ProductController     : viewProducts call end
2019-04-22 17:04:22.861 DEBUG [Product,5cbda6beffafcd2a281a5ffced923825,281a5ffced923825,false] 9868 --- [http-nio-443-exec-7] o.s.w.s.m.m.a.HttpEntityMethodProcessor  : Using 'application/json', given [*/*] and supported [application/json]
2019-04-22 17:04:22.861 DEBUG [Product,5cbda6beffafcd2a281a5ffced923825,281a5ffced923825,false] 9868 --- [http-nio-443-exec-7] o.s.w.s.m.m.a.HttpEntityMethodProcessor  : Writing [com.hcl.cloud.product.response.ViewproductRes@32172571]
2019-04-22 17:04:22.863 DEBUG [Product,5cbda6beffafcd2a281a5ffced923825,281a5ffced923825,false] 9868 --- [http-nio-443-exec-7] o.s.web.servlet.DispatcherServlet        : Completed 200 OK
2019-04-22 17:05:02.833 DEBUG [Product,5cbda6e6413cbdd19d38a8ddbb28a7a6,9d38a8ddbb28a7a6,false] 9868 --- [http-nio-443-exec-8] o.s.web.servlet.DispatcherServlet        : PUT "/product/", parameters={}
2019-04-22 17:05:02.835 DEBUG [Product,5cbda6e6413cbdd19d38a8ddbb28a7a6,9d38a8ddbb28a7a6,false] 9868 --- [http-nio-443-exec-8] s.w.s.m.m.a.RequestMappingHandlerMapping : Mapped to public org.springframework.http.ResponseEntity<com.hcl.cloud.product.response.UpdateproductRes> com.hcl.cloud.product.controller.ProductController.updateProduct(java.lang.String,com.hcl.cloud.product.request.UpdateproductReq)
2019-04-22 17:05:02.838 DEBUG [Product,5cbda6e6413cbdd19d38a8ddbb28a7a6,9d38a8ddbb28a7a6,false] 9868 --- [http-nio-443-exec-8] m.m.a.RequestResponseBodyMethodProcessor : Read "application/json;charset=UTF-8" to [com.hcl.cloud.product.request.UpdateproductReq@725e63fa]
2019-04-22 17:05:02.845  INFO [Product,5cbda6e6413cbdd19d38a8ddbb28a7a6,9d38a8ddbb28a7a6,false] 9868 --- [http-nio-443-exec-8] c.h.c.p.controller.ProductController     : updateProduct call start
2019-04-22 17:05:02.850  INFO [Product,5cbda6e6413cbdd19d38a8ddbb28a7a6,9d38a8ddbb28a7a6,false] 9868 --- [http-nio-443-exec-8] c.h.c.p.controller.ProductController     : Product detail update DB call Start
2019-04-22 17:05:02.856  INFO [Product,5cbda6e6413cbdd19d38a8ddbb28a7a6,9d38a8ddbb28a7a6,false] 9868 --- [http-nio-443-exec-8] c.h.c.p.controller.ProductController     : Product detail update DB call end
2019-04-22 17:05:02.856  INFO [Product,5cbda6e6413cbdd19d38a8ddbb28a7a6,9d38a8ddbb28a7a6,false] 9868 --- [http-nio-443-exec-8] .h.c.p.d.UpdateProductResponseTranslator : Response translation from backend to frontend start
2019-04-22 17:05:02.857  INFO [Product,5cbda6e6413cbdd19d38a8ddbb28a7a6,9d38a8ddbb28a7a6,false] 9868 --- [http-nio-443-exec-8] .h.c.p.d.UpdateProductResponseTranslator : Response translation from backend to frontend end
2019-04-22 17:05:02.857  INFO [Product,5cbda6e6413cbdd19d38a8ddbb28a7a6,9d38a8ddbb28a7a6,false] 9868 --- [http-nio-443-exec-8] c.h.c.p.controller.ProductController     : updateProduct call end
2019-04-22 17:05:02.857 DEBUG [Product,5cbda6e6413cbdd19d38a8ddbb28a7a6,9d38a8ddbb28a7a6,false] 9868 --- [http-nio-443-exec-8] o.s.w.s.m.m.a.HttpEntityMethodProcessor  : Using 'application/json', given [*/*] and supported [application/json]
2019-04-22 17:05:02.858 DEBUG [Product,5cbda6e6413cbdd19d38a8ddbb28a7a6,9d38a8ddbb28a7a6,false] 9868 --- [http-nio-443-exec-8] o.s.w.s.m.m.a.HttpEntityMethodProcessor  : Writing [com.hcl.cloud.product.response.UpdateproductRes@44795c89]
2019-04-22 17:05:02.860 DEBUG [Product,5cbda6e6413cbdd19d38a8ddbb28a7a6,9d38a8ddbb28a7a6,false] 9868 --- [http-nio-443-exec-8] o.s.web.servlet.DispatcherServlet        : Completed 200 OK
2019-04-22 17:05:09.459 DEBUG [Product,5cbda6ed250fee045109bb861e1ca8dc,5109bb861e1ca8dc,false] 9868 --- [http-nio-443-exec-9] o.s.web.servlet.DispatcherServlet        : PUT "/product/", parameters={}
2019-04-22 17:05:09.460 DEBUG [Product,5cbda6ed250fee045109bb861e1ca8dc,5109bb861e1ca8dc,false] 9868 --- [http-nio-443-exec-9] s.w.s.m.m.a.RequestMappingHandlerMapping : Mapped to public org.springframework.http.ResponseEntity<com.hcl.cloud.product.response.UpdateproductRes> com.hcl.cloud.product.controller.ProductController.updateProduct(java.lang.String,com.hcl.cloud.product.request.UpdateproductReq)
2019-04-22 17:05:09.462 DEBUG [Product,5cbda6ed250fee045109bb861e1ca8dc,5109bb861e1ca8dc,false] 9868 --- [http-nio-443-exec-9] m.m.a.RequestResponseBodyMethodProcessor : Read "application/json;charset=UTF-8" to [com.hcl.cloud.product.request.UpdateproductReq@6e3e2e]
2019-04-22 17:05:09.463  INFO [Product,5cbda6ed250fee045109bb861e1ca8dc,5109bb861e1ca8dc,false] 9868 --- [http-nio-443-exec-9] c.h.c.p.controller.ProductController     : updateProduct call start
2019-04-22 17:05:09.463  INFO [Product,5cbda6ed250fee045109bb861e1ca8dc,5109bb861e1ca8dc,false] 9868 --- [http-nio-443-exec-9] c.h.c.p.controller.ProductController     : Product detail update DB call Start
2019-04-22 17:05:09.540  INFO [Product,5cbda6ed250fee045109bb861e1ca8dc,5109bb861e1ca8dc,false] 9868 --- [http-nio-443-exec-9] c.h.c.p.controller.ProductController     : Product detail update DB call end
2019-04-22 17:05:09.540  INFO [Product,5cbda6ed250fee045109bb861e1ca8dc,5109bb861e1ca8dc,false] 9868 --- [http-nio-443-exec-9] .h.c.p.d.UpdateProductResponseTranslator : Response translation from backend to frontend start
2019-04-22 17:05:09.541  INFO [Product,5cbda6ed250fee045109bb861e1ca8dc,5109bb861e1ca8dc,false] 9868 --- [http-nio-443-exec-9] .h.c.p.d.UpdateProductResponseTranslator : Response translation from backend to frontend end
2019-04-22 17:05:09.541  INFO [Product,5cbda6ed250fee045109bb861e1ca8dc,5109bb861e1ca8dc,false] 9868 --- [http-nio-443-exec-9] c.h.c.p.controller.ProductController     : updateProduct call end
2019-04-22 17:05:09.542 DEBUG [Product,5cbda6ed250fee045109bb861e1ca8dc,5109bb861e1ca8dc,false] 9868 --- [http-nio-443-exec-9] o.s.w.s.m.m.a.HttpEntityMethodProcessor  : Using 'application/json', given [*/*] and supported [application/json]
2019-04-22 17:05:09.543 DEBUG [Product,5cbda6ed250fee045109bb861e1ca8dc,5109bb861e1ca8dc,false] 9868 --- [http-nio-443-exec-9] o.s.w.s.m.m.a.HttpEntityMethodProcessor  : Writing [com.hcl.cloud.product.response.UpdateproductRes@738c19dc]
2019-04-22 17:05:09.547 DEBUG [Product,5cbda6ed250fee045109bb861e1ca8dc,5109bb861e1ca8dc,false] 9868 --- [http-nio-443-exec-9] o.s.web.servlet.DispatcherServlet        : Completed 200 OK
2019-04-22 17:05:15.011 DEBUG [Product,5cbda6f33b1f2ba19c1eb7c2c73a67bb,9c1eb7c2c73a67bb,false] 9868 --- [http-nio-443-exec-10] o.s.web.servlet.DispatcherServlet        : GET "/product/", parameters={}
2019-04-22 17:05:15.012 DEBUG [Product,5cbda6f33b1f2ba19c1eb7c2c73a67bb,9c1eb7c2c73a67bb,false] 9868 --- [http-nio-443-exec-10] s.w.s.m.m.a.RequestMappingHandlerMapping : Mapped to public org.springframework.http.ResponseEntity<com.hcl.cloud.product.response.ViewproductRes> com.hcl.cloud.product.controller.ProductController.viewProducts(java.lang.String) throws com.hcl.cloud.product.exception.ProductException
2019-04-22 17:05:15.013  INFO [Product,5cbda6f33b1f2ba19c1eb7c2c73a67bb,9c1eb7c2c73a67bb,false] 9868 --- [http-nio-443-exec-10] c.h.c.p.controller.ProductController     : viewProducts call start
2019-04-22 17:05:15.014  INFO [Product,5cbda6f33b1f2ba19c1eb7c2c73a67bb,9c1eb7c2c73a67bb,false] 9868 --- [http-nio-443-exec-10] c.h.c.p.controller.ProductController     : View Products DB call start
2019-04-22 17:05:15.019  INFO [Product,5cbda6f33b1f2ba19c1eb7c2c73a67bb,9c1eb7c2c73a67bb,false] 9868 --- [http-nio-443-exec-10] c.h.c.p.controller.ProductController     : View Products DB call end
2019-04-22 17:05:15.020  INFO [Product,5cbda6f33b1f2ba19c1eb7c2c73a67bb,9c1eb7c2c73a67bb,false] 9868 --- [http-nio-443-exec-10] c.h.c.p.d.ViewProductsResponseTranslator : Response translation from backend to frontend start
